<?xml version="1.0" encoding="UTF-8"?>
<testsuite xmlns:xsi="http://www.w3.org/2001/XMLSchema-instance" xsi:noNamespaceSchemaLocation="https://maven.apache.org/surefire/maven-surefire-plugin/xsd/surefire-test-report-3.0.xsd" version="3.0" name="Library app login feature" time="0.824" tests="3" errors="0" skipped="0" failures="0">
  <properties>
[...]
</properties>
  <testcase name="Login as librarian" classname="Library app login feature" time="0.477">
    <system-out><![CDATA[&amp#27;[32m&amp#27;[1m┌──────────────────────────────────────────────────────────────────────────┐&amp#27;[0m
&amp#27;[32m&amp#27;[1m│&amp#27;[0m View your Cucumber Report at:                                            &amp#27;[32m&amp#27;[1m│&amp#27;[0m
&amp#27;[32m&amp#27;[1m│&amp#27;[0m &amp#27;[1m&amp#27;[36m&amp#27;[4mhttps://reports.cucumber.io/reports/fdc1f96e-97be-4357-bc6e-cd8633a7c108&amp#27;[0m &amp#27;[32m&amp#27;[1m│&amp#27;[0m
&amp#27;[32m&amp#27;[1m│&amp#27;[0m                                                                          &amp#27;[32m&amp#27;[1m│&amp#27;[0m
&amp#27;[32m&amp#27;[1m│&amp#27;[0m &amp#27;[1mThis report will self-destruct in 24h.&amp#27;[0m                                   &amp#27;[32m&amp#27;[1m│&amp#27;[0m
&amp#27;[32m&amp#27;[1m│&amp#27;[0m Keep reports forever: &amp#27;[4m&amp#27;[1m&amp#27;[36mhttps://reports.cucumber.io/profile&amp#27;[0m                &amp#27;[32m&amp#27;[1m│&amp#27;[0m
&amp#27;[32m&amp#27;[1m└──────────────────────────────────────────────────────────────────────────┘&amp#27;[0m

@Reg @login @librarian @employee @wip
Scenario: Login as librarian              &amp#27;[90m# src/test/resources/features/Login.feature:13&amp#27;[0m
user is on the library login page
  &amp#27;[32mGiven &amp#27;[0m&amp#27;[32muser is on the library login page&amp#27;[0m &amp#27;[90m# com.cydeo.step_definitions.Login.Login_StepDefinitions.user_is_on_the_library_login_page()&amp#27;[0m
user enters librarian username
  &amp#27;[32mWhen &amp#27;[0m&amp#27;[32muser enters librarian username&amp#27;[0m     &amp#27;[90m# com.cydeo.step_definitions.Login.Login_StepDefinitions.user_enters_librarian_username()&amp#27;[0m
user enters librarian password
  &amp#27;[32mAnd &amp#27;[0m&amp#27;[32muser enters librarian password&amp#27;[0m      &amp#27;[90m# com.cydeo.step_definitions.Login.Login_StepDefinitions.user_enters_librarian_password()&amp#27;[0m
user should see the dashboard
  &amp#27;[32mThen &amp#27;[0m&amp#27;[32muser should see the dashboard&amp#27;[0m      &amp#27;[90m# com.cydeo.step_definitions.Login.Login_StepDefinitions.user_should_see_the_dashboard()&amp#27;[0m
]]></system-out>
  </testcase>
  <testcase name="Login as student" classname="Library app login feature" time="0.22">
    <system-out><![CDATA[
@Reg @login @student @human
Scenario: Login as student                &amp#27;[90m# src/test/resources/features/Login.feature:21&amp#27;[0m
user is on the library login page
  &amp#27;[32mGiven &amp#27;[0m&amp#27;[32muser is on the library login page&amp#27;[0m &amp#27;[90m# com.cydeo.step_definitions.Login.Login_StepDefinitions.user_is_on_the_library_login_page()&amp#27;[0m
user enters student username
  &amp#27;[32mWhen &amp#27;[0m&amp#27;[32muser enters student username&amp#27;[0m       &amp#27;[90m# com.cydeo.step_definitions.Login.Login_StepDefinitions.user_enters_student_username()&amp#27;[0m
user enters student password
  &amp#27;[32mAnd &amp#27;[0m&amp#27;[32muser enters student password&amp#27;[0m        &amp#27;[90m# com.cydeo.step_definitions.Login.Login_StepDefinitions.user_enters_student_password()&amp#27;[0m
user should see the dashboard
  &amp#27;[32mThen &amp#27;[0m&amp#27;[32muser should see the dashboard&amp#27;[0m      &amp#27;[90m# com.cydeo.step_definitions.Login.Login_StepDefinitions.user_should_see_the_dashboard()&amp#27;[0m
]]></system-out>
  </testcase>
  <testcase name="Login as admin" classname="Library app login feature" time="0.127">
    <system-out><![CDATA[
@Reg @login @admin
Scenario: Login as admin                  &amp#27;[90m# src/test/resources/features/Login.feature:27&amp#27;[0m
user is on the library login page
  &amp#27;[32mGiven &amp#27;[0m&amp#27;[32muser is on the library login page&amp#27;[0m &amp#27;[90m# com.cydeo.step_definitions.Login.Login_StepDefinitions.user_is_on_the_library_login_page()&amp#27;[0m
user enters admin username
  &amp#27;[32mWhen &amp#27;[0m&amp#27;[32muser enters admin username&amp#27;[0m         &amp#27;[90m# com.cydeo.step_definitions.Login.Login_StepDefinitions.user_enters_admin_username()&amp#27;[0m
user enters admin password
  &amp#27;[32mAnd &amp#27;[0m&amp#27;[32muser enters admin password&amp#27;[0m          &amp#27;[90m# com.cydeo.step_definitions.Login.Login_StepDefinitions.user_enters_admin_password()&amp#27;[0m
user should see the dashboard
  &amp#27;[32mThen &amp#27;[0m&amp#27;[32muser should see the dashboard&amp#27;[0m      &amp#27;[90m# com.cydeo.step_definitions.Login.Login_StepDefinitions.user_should_see_the_dashboard()&amp#27;[0m
]]></system-out>
  </testcase>
</testsuite>