<?xml version="1.0" encoding="UTF-8"?>
<testsuite xmlns:xsi="http://www.w3.org/2001/XMLSchema-instance" xsi:noNamespaceSchemaLocation="https://maven.apache.org/surefire/maven-surefire-plugin/xsd/surefire-test-report-3.0.xsd" version="3.0" name="Google search functionality" time="46.515" tests="3" errors="0" skipped="0" failures="0">
  <properties>
[...]
</properties>
  <testcase name="Search page title verification" classname="Google search functionality" time="17.11">
    <system-out><![CDATA[&amp#27;[32m&amp#27;[1m┌──────────────────────────────────────────────────────────────────────────┐&amp#27;[0m
&amp#27;[32m&amp#27;[1m│&amp#27;[0m View your Cucumber Report at:                                            &amp#27;[32m&amp#27;[1m│&amp#27;[0m
&amp#27;[32m&amp#27;[1m│&amp#27;[0m &amp#27;[1m&amp#27;[36m&amp#27;[4mhttps://reports.cucumber.io/reports/dcd504ce-06f1-459d-a104-d2ffd4fb2581&amp#27;[0m &amp#27;[32m&amp#27;[1m│&amp#27;[0m
&amp#27;[32m&amp#27;[1m│&amp#27;[0m                                                                          &amp#27;[32m&amp#27;[1m│&amp#27;[0m
&amp#27;[32m&amp#27;[1m│&amp#27;[0m &amp#27;[1mThis report will self-destruct in 24h.&amp#27;[0m                                   &amp#27;[32m&amp#27;[1m│&amp#27;[0m
&amp#27;[32m&amp#27;[1m│&amp#27;[0m Keep reports forever: &amp#27;[4m&amp#27;[1m&amp#27;[36mhttps://reports.cucumber.io/profile&amp#27;[0m                &amp#27;[32m&amp#27;[1m│&amp#27;[0m
&amp#27;[32m&amp#27;[1m└──────────────────────────────────────────────────────────────────────────┘&amp#27;[0m

@Search
Scenario: Search page title verification &amp#27;[90m# src/test/resources/features/googleSearch.feature:6&amp#27;[0m
  &amp#27;[32mWhen &amp#27;[0m&amp#27;[32muser is on Google search page&amp#27;[0m     &amp#27;[90m# com.cydeo.step_definitions.GoogleStepDefinitions.user_is_on_goggle_search_page()&amp#27;[0m
  &amp#27;[32mThen &amp#27;[0m&amp#27;[32muser should see title is Google&amp#27;[0m   &amp#27;[90m# com.cydeo.step_definitions.GoogleStepDefinitions.user_should_see_title_is_google()&amp#27;[0m
]]></system-out>
    <system-err><![CDATA[SLF4J: No SLF4J providers were found.
SLF4J: Defaulting to no-operation (NOP) logger implementation
SLF4J: See https://www.slf4j.org/codes.html#noProviders for further details.
Starting ChromeDriver 110.0.5481.77 (65ed616c6e8ee3fe0ad64fe83796c020644d42af-refs/branch-heads/5481@{#839}) on port 27932
Only local connections are allowed.
Please see https://chromedriver.chromium.org/security-considerations for suggestions on keeping ChromeDriver safe.
ChromeDriver was started successfully.
[1677875872.132][WARNING]: virtual void DevToolsClientImpl::AddListener(DevToolsEventListener *) subscribing a listener to the already connected DevToolsClient. Connection notification will not arrive.
Mar 03, 2023 11:37:52 ÖS org.openqa.selenium.remote.ProtocolHandshake createSession
INFO: Detected dialect: W3C
]]></system-err>
  </testcase>
  <testcase name="Search functionality result title verification #1" classname="Google search functionality" time="16.103">
    <system-out><![CDATA[
@Search
Scenario: Search functionality result title verification &amp#27;[90m# src/test/resources/features/googleSearch.feature:11&amp#27;[0m
  &amp#27;[32mGiven &amp#27;[0m&amp#27;[32muser is on Google search page&amp#27;[0m                    &amp#27;[90m# com.cydeo.step_definitions.GoogleStepDefinitions.user_is_on_goggle_search_page()&amp#27;[0m
  &amp#27;[32mWhen &amp#27;[0m&amp#27;[32muser types apple and clicks enter&amp#27;[0m                 &amp#27;[90m# com.cydeo.step_definitions.GoogleStepDefinitions.user_types_apple_and_clicks_enter()&amp#27;[0m
  &amp#27;[32mThen &amp#27;[0m&amp#27;[32muser sees apple in the google title&amp#27;[0m               &amp#27;[90m# com.cydeo.step_definitions.GoogleStepDefinitions.user_sees_apple_in_the_google_title()&amp#27;[0m
]]></system-out>
    <system-err><![CDATA[Starting ChromeDriver 110.0.5481.77 (65ed616c6e8ee3fe0ad64fe83796c020644d42af-refs/branch-heads/5481@{#839}) on port 26395
Only local connections are allowed.
Please see https://chromedriver.chromium.org/security-considerations for suggestions on keeping ChromeDriver safe.
ChromeDriver was started successfully.
[1677875881.628][WARNING]: virtual void DevToolsClientImpl::AddListener(DevToolsEventListener *) subscribing a listener to the already connected DevToolsClient. Connection notification will not arrive.
Mar 03, 2023 11:38:01 ÖS org.openqa.selenium.remote.ProtocolHandshake createSession
INFO: Detected dialect: W3C
]]></system-err>
  </testcase>
  <testcase name="Search functionality result title verification #2" classname="Google search functionality" time="13.302">
    <system-out><![CDATA[
@Search
Scenario: Search functionality result title verification &amp#27;[90m# src/test/resources/features/googleSearch.feature:17&amp#27;[0m
  &amp#27;[32mGiven &amp#27;[0m&amp#27;[32muser is on Google search page&amp#27;[0m                    &amp#27;[90m# com.cydeo.step_definitions.GoogleStepDefinitions.user_is_on_goggle_search_page()&amp#27;[0m
  &amp#27;[32mWhen &amp#27;[0m&amp#27;[32muser types &amp#27;[0m&amp#27;[32m&amp#27;[1m"apple"&amp#27;[0m&amp#27;[32m and clicks enter&amp#27;[0m               &amp#27;[90m# com.cydeo.step_definitions.GoogleStepDefinitions.user_types_and_clicks_enter(java.lang.String)&amp#27;[0m
  &amp#27;[32mThen &amp#27;[0m&amp#27;[32muser sees &amp#27;[0m&amp#27;[32m&amp#27;[1m"apple"&amp#27;[0m&amp#27;[32m in the google title&amp#27;[0m             &amp#27;[90m# com.cydeo.step_definitions.GoogleStepDefinitions.user_sees_in_the_google_title(java.lang.String)&amp#27;[0m
]]></system-out>
    <system-err><![CDATA[Starting ChromeDriver 110.0.5481.77 (65ed616c6e8ee3fe0ad64fe83796c020644d42af-refs/branch-heads/5481@{#839}) on port 16078
Only local connections are allowed.
Please see https://chromedriver.chromium.org/security-considerations for suggestions on keeping ChromeDriver safe.
ChromeDriver was started successfully.
[1677875897.895][WARNING]: virtual void DevToolsClientImpl::AddListener(DevToolsEventListener *) subscribing a listener to the already connected DevToolsClient. Connection notification will not arrive.
Mar 03, 2023 11:38:18 ÖS org.openqa.selenium.remote.ProtocolHandshake createSession
INFO: Detected dialect: W3C
]]></system-err>
  </testcase>
</testsuite>